<?xml version="1.0" encoding="UTF-8"?>
<!-- Generated by org.testng.reporters.JUnitXMLReporter -->
<testsuite ignored="2" hostname="DESKTOP-HQVGHRO" failures="0" tests="4" name="Test-Runner=1" time="17.952" errors="0" timestamp="2023-11-21T20:47:36 PST">
  <testcase classname="TestNG_Practice.Test_B" name="testB1" time="0.014"/>
  <testcase classname="TestNG_Practice.Test_B" name="testB2" time="0.007"/>
  <testcase classname="TestNG_Practice.Test_A" name="testA1" time="0.002"/>
  <testcase classname="TestNG_Practice.Test_A" name="testA2" time="0.005"/>
  <testcase classname="com.GenricUtilities.Admin_Bass_Class" name="@BeforeSuite confif_BS" time="0.0">
    <ignored/>
  </testcase> <!-- @BeforeSuite confif_BS -->
  <testcase classname="com.GenricUtilities.Admin_Bass_Class" name="@AfterSuite config_AS" time="0.0">
    <ignored/>
  </testcase> <!-- @AfterSuite config_AS -->
</testsuite> <!-- Test-Runner=1 -->
