<?xml version="1.0" encoding="UTF-8"?>
<!-- Generated by org.testng.reporters.JUnitReportReporter -->
<testsuite hostname="DESKTOP-HQVGHRO" failures="0" tests="4" name="TestNG_Practice.Test_A" time="10.830" errors="0" timestamp="2023-11-21T20:47:41 PST" skipped="0">
  <testcase classname="TestNG_Practice.Test_A" name="testA1" time="2.983"/>
  <system-out/>
  <testcase classname="TestNG_Practice.Test_A" name="testA1" time="2.794"/>
  <system-out/>
  <testcase classname="TestNG_Practice.Test_A" name="testA2" time="2.619"/>
  <system-out/>
  <testcase classname="TestNG_Practice.Test_A" name="testA2" time="2.434"/>
  <system-out/>
</testsuite> <!-- TestNG_Practice.Test_A -->
