<?xml version="1.0" encoding="UTF-8"?>
<!-- Generated by org.testng.reporters.JUnitReportReporter -->
<testsuite hostname="DESKTOP-HQVGHRO" failures="0" tests="4" name="TestNG_Practice.Test_B" time="12.386" errors="0" timestamp="2023-11-21T20:47:41 PST" skipped="0">
  <testcase classname="TestNG_Practice.Test_B" name="testB2" time="3.896"/>
  <system-out/>
  <testcase classname="TestNG_Practice.Test_B" name="testB1" time="2.747"/>
  <system-out/>
  <testcase classname="TestNG_Practice.Test_B" name="testB2" time="2.997"/>
  <system-out/>
  <testcase classname="TestNG_Practice.Test_B" name="testB1" time="2.746"/>
  <system-out/>
</testsuite> <!-- TestNG_Practice.Test_B -->
