<?xml version="1.0" encoding="UTF-8"?>
<!-- Generated by org.testng.reporters.JUnitReportReporter -->
<testsuite hostname="DESKTOP-HQVGHRO" failures="0" tests="4" name="TestNG_Practice.Test_D" time="0.000" errors="0" timestamp="2023-11-21T20:31:01 PST" skipped="4">
  <testcase classname="TestNG_Practice.Test_D" name="testD1" time="0.000">
    <skipped/>
  </testcase> <!-- testD1 -->
  <system-out/>
  <testcase classname="TestNG_Practice.Test_D" name="testD2" time="0.000">
    <skipped/>
  </testcase> <!-- testD2 -->
  <system-out/>
  <testcase classname="TestNG_Practice.Test_D" name="testD2" time="0.000">
    <skipped/>
  </testcase> <!-- testD2 -->
  <system-out/>
  <testcase classname="TestNG_Practice.Test_D" name="testD1" time="0.000">
    <skipped/>
  </testcase> <!-- testD1 -->
  <system-out/>
</testsuite> <!-- TestNG_Practice.Test_D -->
