<?xml version="1.0" encoding="UTF-8"?>
<!-- Generated by org.testng.reporters.JUnitReportReporter -->
<testsuite hostname="DESKTOP-HQVGHRO" failures="0" tests="1" name="com.HangarMantra_TestScript_BASSCLASS.Admin_EditMenu" time="13.804" errors="0" timestamp="2023-11-30T15:35:12 IST" skipped="0">
  <testcase classname="com.HangarMantra_TestScript_BASSCLASS.Admin_EditMenu" name="admin_EditMenu" time="13.804"/>
  <system-out/>
</testsuite> <!-- com.HangarMantra_TestScript_BASSCLASS.Admin_EditMenu -->
